<?xml version="1.0" encoding="UTF-8"?>
<!-- Generated by org.testng.reporters.JUnitXMLReporter -->
<testsuite ignored="0" hostname="LIN59017689" failures="0" tests="4" name="Default test" time="43.929" errors="0" timestamp="2026-01-24T19:03:35 IST">
  <testcase classname="LoginPageTest" name="testValidData" time="1.606"/>
  <testcase classname="LoginPageTest" name="testValidData" time="1.127"/>
  <testcase classname="LoginPageTest" name="testValidData" time="4.533"/>
  <testcase classname="LoginPageTest" name="testValidData" time="1.386"/>
</testsuite> <!-- Default test -->
