<?xml version="1.0" encoding="UTF-8"?>
<testng-results ignored="0" total="4" passed="4" failed="0" skipped="0">
  <reporter-output>
  </reporter-output>
  <suite started-at="2026-01-25T20:43:33 IST" name="LoginSuite" finished-at="2026-01-25T20:44:18 IST" duration-ms="44174">
    <groups>
    </groups>
    <test started-at="2026-01-25T20:43:33 IST" name="Login Tests" finished-at="2026-01-25T20:44:18 IST" duration-ms="44174">
      <class name="test.LoginPageTest">
        <test-method is-config="true" signature="setupReport()[pri:0, instance:test.LoginPageTest@a87f8ec]" started-at="2026-01-25T20:43:33 IST" name="setupReport" finished-at="2026-01-25T20:43:33 IST" duration-ms="411" status="PASS">
          <reporter-output>
          </reporter-output>
        </test-method> <!-- setupReport -->
        <test-method is-config="true" signature="setUp()[pri:0, instance:test.LoginPageTest@a87f8ec]" started-at="2026-01-25T20:43:35 IST" name="setUp" finished-at="2026-01-25T20:43:44 IST" duration-ms="8998" status="PASS">
          <reporter-output>
          </reporter-output>
        </test-method> <!-- setUp -->
        <test-method signature="testValidData(java.lang.String,java.lang.String)[pri:0, instance:test.LoginPageTest@a87f8ec]" started-at="2026-01-25T20:43:44 IST" name="testValidData" data-provider="LoginData" finished-at="2026-01-25T20:43:45 IST" duration-ms="1057" status="PASS">
          <params>
            <param index="0">
              <value>
                <![CDATA[user1]]>
              </value>
            </param>
            <param index="1">
              <value>
                <![CDATA[pass1]]>
              </value>
            </param>
          </params>
          <reporter-output>
          </reporter-output>
        </test-method> <!-- testValidData -->
        <test-method is-config="true" signature="tearDown()[pri:0, instance:test.LoginPageTest@a87f8ec]" started-at="2026-01-25T20:43:45 IST" name="tearDown" finished-at="2026-01-25T20:43:46 IST" duration-ms="609" status="PASS">
          <reporter-output>
          </reporter-output>
        </test-method> <!-- tearDown -->
        <test-method is-config="true" signature="setUp()[pri:0, instance:test.LoginPageTest@a87f8ec]" started-at="2026-01-25T20:43:46 IST" name="setUp" finished-at="2026-01-25T20:43:53 IST" duration-ms="6664" status="PASS">
          <reporter-output>
          </reporter-output>
        </test-method> <!-- setUp -->
        <test-method signature="testValidData(java.lang.String,java.lang.String)[pri:0, instance:test.LoginPageTest@a87f8ec]" started-at="2026-01-25T20:43:53 IST" name="testValidData" data-provider="LoginData" finished-at="2026-01-25T20:43:54 IST" duration-ms="1645" status="PASS">
          <params>
            <param index="0">
              <value>
                <![CDATA[user2]]>
              </value>
            </param>
            <param index="1">
              <value>
                <![CDATA[pass2]]>
              </value>
            </param>
          </params>
          <reporter-output>
          </reporter-output>
        </test-method> <!-- testValidData -->
        <test-method is-config="true" signature="tearDown()[pri:0, instance:test.LoginPageTest@a87f8ec]" started-at="2026-01-25T20:43:55 IST" name="tearDown" finished-at="2026-01-25T20:43:55 IST" duration-ms="556" status="PASS">
          <reporter-output>
          </reporter-output>
        </test-method> <!-- tearDown -->
        <test-method is-config="true" signature="setUp()[pri:0, instance:test.LoginPageTest@a87f8ec]" started-at="2026-01-25T20:43:55 IST" name="setUp" finished-at="2026-01-25T20:44:02 IST" duration-ms="6791" status="PASS">
          <reporter-output>
          </reporter-output>
        </test-method> <!-- setUp -->
        <test-method signature="testValidData(java.lang.String,java.lang.String)[pri:0, instance:test.LoginPageTest@a87f8ec]" started-at="2026-01-25T20:44:02 IST" name="testValidData" data-provider="LoginData" finished-at="2026-01-25T20:44:06 IST" duration-ms="4185" status="PASS">
          <params>
            <param index="0">
              <value>
                <![CDATA[admin@yourstore.com]]>
              </value>
            </param>
            <param index="1">
              <value>
                <![CDATA[admin]]>
              </value>
            </param>
          </params>
          <reporter-output>
          </reporter-output>
        </test-method> <!-- testValidData -->
        <test-method is-config="true" signature="tearDown()[pri:0, instance:test.LoginPageTest@a87f8ec]" started-at="2026-01-25T20:44:08 IST" name="tearDown" finished-at="2026-01-25T20:44:08 IST" duration-ms="556" status="PASS">
          <reporter-output>
          </reporter-output>
        </test-method> <!-- tearDown -->
        <test-method is-config="true" signature="setUp()[pri:0, instance:test.LoginPageTest@a87f8ec]" started-at="2026-01-25T20:44:08 IST" name="setUp" finished-at="2026-01-25T20:44:15 IST" duration-ms="6675" status="PASS">
          <reporter-output>
          </reporter-output>
        </test-method> <!-- setUp -->
        <test-method signature="testValidData(java.lang.String,java.lang.String)[pri:0, instance:test.LoginPageTest@a87f8ec]" started-at="2026-01-25T20:44:15 IST" name="testValidData" data-provider="LoginData" finished-at="2026-01-25T20:44:17 IST" duration-ms="1409" status="PASS">
          <params>
            <param index="0">
              <value>
                <![CDATA[userTest]]>
              </value>
            </param>
            <param index="1">
              <value>
                <![CDATA[passTest]]>
              </value>
            </param>
          </params>
          <reporter-output>
          </reporter-output>
        </test-method> <!-- testValidData -->
        <test-method is-config="true" signature="tearDown()[pri:0, instance:test.LoginPageTest@a87f8ec]" started-at="2026-01-25T20:44:17 IST" name="tearDown" finished-at="2026-01-25T20:44:18 IST" duration-ms="595" status="PASS">
          <reporter-output>
          </reporter-output>
        </test-method> <!-- tearDown -->
        <test-method is-config="true" signature="flushReport()[pri:0, instance:test.LoginPageTest@a87f8ec]" started-at="2026-01-25T20:44:18 IST" name="flushReport" finished-at="2026-01-25T20:44:18 IST" duration-ms="25" status="PASS">
          <reporter-output>
          </reporter-output>
        </test-method> <!-- flushReport -->
      </class> <!-- test.LoginPageTest -->
    </test> <!-- Login Tests -->
  </suite> <!-- LoginSuite -->
</testng-results>
