<?xml version="1.0" encoding="UTF-8"?>
<testng-results ignored="0" total="1" passed="1" failed="0" skipped="0">
  <reporter-output>
  </reporter-output>
  <suite started-at="2026-01-20T00:08:08 IST" name="Default suite" finished-at="2026-01-20T00:08:19 IST" duration-ms="11516">
    <groups>
    </groups>
    <test started-at="2026-01-20T00:08:08 IST" name="Default test" finished-at="2026-01-20T00:08:19 IST" duration-ms="11516">
      <class name="LoginPageTest">
        <test-method is-config="true" signature="setUp()[pri:0, instance:LoginPageTest@7b98f307]" started-at="2026-01-20T00:08:08 IST" name="setUp" finished-at="2026-01-20T00:08:17 IST" duration-ms="8558" status="PASS">
          <reporter-output>
          </reporter-output>
        </test-method> <!-- setUp -->
        <test-method signature="testValidData()[pri:0, instance:LoginPageTest@7b98f307]" started-at="2026-01-20T00:08:17 IST" name="testValidData" finished-at="2026-01-20T00:08:19 IST" duration-ms="2082" status="PASS">
          <reporter-output>
          </reporter-output>
        </test-method> <!-- testValidData -->
        <test-method is-config="true" signature="tearDown()[pri:0, instance:LoginPageTest@7b98f307]" started-at="2026-01-20T00:08:19 IST" name="tearDown" finished-at="2026-01-20T00:08:19 IST" duration-ms="716" status="PASS">
          <reporter-output>
          </reporter-output>
        </test-method> <!-- tearDown -->
      </class> <!-- LoginPageTest -->
    </test> <!-- Default test -->
  </suite> <!-- Default suite -->
</testng-results>
