<?xml version="1.0" encoding="UTF-8"?>
<testng-results ignored="0" total="0" passed="0" failed="0" skipped="0">
  <reporter-output>
  </reporter-output>
  <suite started-at="2026-01-24T20:19:30 IST" name="LoginSuite" finished-at="2026-01-24T20:19:43 IST" duration-ms="13194">
    <groups>
    </groups>
    <test started-at="2026-01-24T20:19:30 IST" name="Login Tests" finished-at="2026-01-24T20:19:43 IST" duration-ms="13194">
      <class name="test.LoginPageTest">
        <test-method is-config="true" signature="setupReport()[pri:0, instance:test.LoginPageTest@4f6f416f]" started-at="2026-01-24T20:19:30 IST" name="setupReport" finished-at="2026-01-24T20:19:30 IST" duration-ms="405" status="PASS">
          <reporter-output>
          </reporter-output>
        </test-method> <!-- setupReport -->
        <test-method is-config="true" signature="setUp(java.lang.String)[pri:0, instance:test.LoginPageTest@4f6f416f]" started-at="2026-01-24T20:19:32 IST" name="setUp" finished-at="2026-01-24T20:19:43 IST" duration-ms="11426" status="PASS">
          <params>
            <param index="0">
              <value>
                <![CDATA[chrome]]>
              </value>
            </param>
          </params>
          <reporter-output>
          </reporter-output>
        </test-method> <!-- setUp -->
        <test-method is-config="true" signature="setUp(java.lang.String)[pri:0, instance:test.LoginPageTest@4f6f416f]" started-at="2026-01-24T20:19:32 IST" name="setUp" finished-at="2026-01-24T20:19:43 IST" duration-ms="11069" status="PASS">
          <params>
            <param index="0">
              <value>
                <![CDATA[chrome]]>
              </value>
            </param>
          </params>
          <reporter-output>
          </reporter-output>
        </test-method> <!-- setUp -->
        <test-method is-config="true" signature="setUp(java.lang.String)[pri:0, instance:test.LoginPageTest@4f6f416f]" started-at="2026-01-24T20:19:32 IST" name="setUp" finished-at="2026-01-24T20:19:43 IST" duration-ms="11720" status="PASS">
          <params>
            <param index="0">
              <value>
                <![CDATA[chrome]]>
              </value>
            </param>
          </params>
          <reporter-output>
          </reporter-output>
        </test-method> <!-- setUp -->
      </class> <!-- test.LoginPageTest -->
    </test> <!-- Login Tests -->
  </suite> <!-- LoginSuite -->
</testng-results>
