<?xml version="1.0" encoding="UTF-8"?>
<!-- Generated by org.testng.reporters.JUnitReportReporter -->
<testsuite hostname="LIN59017689" failures="0" tests="4" name="test.LoginPageTest" time="39.740" errors="0" timestamp="2026-01-25T20:44:19 IST" skipped="0">
  <testcase classname="test.LoginPageTest" name="testValidData" time="11.002"/>
  <testcase classname="test.LoginPageTest" name="testValidData" time="11.469"/>
  <testcase classname="test.LoginPageTest" name="testValidData" time="8.404"/>
  <testcase classname="test.LoginPageTest" name="testValidData" time="8.865"/>
</testsuite> <!-- test.LoginPageTest -->
