<?xml version="1.0" encoding="UTF-8"?>
<!-- Generated by org.testng.reporters.JUnitReportReporter -->
<testsuite hostname="LIN59017689" failures="0" tests="4" name="LoginPageTest" time="39.552" errors="0" timestamp="2026-01-24T19:03:36 IST" skipped="0">
  <testcase classname="LoginPageTest" name="testValidData" time="8.186"/>
  <testcase classname="LoginPageTest" name="testValidData" time="12.040"/>
  <testcase classname="LoginPageTest" name="testValidData" time="10.384"/>
  <testcase classname="LoginPageTest" name="testValidData" time="8.942"/>
</testsuite> <!-- LoginPageTest -->
