<?xml version="1.0" encoding="UTF-8"?>
<!-- Generated by org.testng.reporters.JUnitXMLReporter -->
<testsuite ignored="0" hostname="LIN59017689" failures="6" tests="6" name="Login Tests" time="13.194" errors="0" timestamp="2026-01-24T20:19:44 IST">
  <testcase classname="test.LoginPageTest" name="testValidData" time="0.108">
    <failure type="java.lang.Error" message="Unresolved compilation problem: 
	driver cannot be resolved to a variable
">
      <![CDATA[java.lang.Error: Unresolved compilation problem: 
driver cannot be resolved to a variable

at test.LoginPageTest.testValidData(LoginPageTest.java:56)
at java.base/java.util.concurrent.FutureTask.run(FutureTask.java:317)
at java.base/java.util.concurrent.ThreadPoolExecutor.runWorker(ThreadPoolExecutor.java:1144)
at java.base/java.util.concurrent.ThreadPoolExecutor$Worker.run(ThreadPoolExecutor.java:642)
at java.base/java.lang.Thread.run(Thread.java:1583)
... Removed 11 stack frames]]>
    </failure>
  </testcase> <!-- testValidData -->
  <testcase classname="test.LoginPageTest" name="testValidData" time="12.505">
    <failure type="java.lang.Error" message="Unresolved compilation problem: 
	driver cannot be resolved or is not a field
">
      <![CDATA[java.lang.Error: Unresolved compilation problem: 
driver cannot be resolved or is not a field

at Utilities.Listeners.onTestFailure(Listeners.java:36)
at java.base/java.util.concurrent.FutureTask.run(FutureTask.java:317)
at java.base/java.util.concurrent.ThreadPoolExecutor.runWorker(ThreadPoolExecutor.java:1144)
at java.base/java.util.concurrent.ThreadPoolExecutor$Worker.run(ThreadPoolExecutor.java:642)
at java.base/java.lang.Thread.run(Thread.java:1583)
... Removed 10 stack frames]]>
    </failure>
  </testcase> <!-- testValidData -->
  <testcase classname="test.LoginPageTest" name="testValidData" time="0.012">
    <failure type="java.lang.Error" message="Unresolved compilation problem: 
	driver cannot be resolved to a variable
">
      <![CDATA[java.lang.Error: Unresolved compilation problem: 
driver cannot be resolved to a variable

at test.LoginPageTest.testValidData(LoginPageTest.java:56)
at java.base/java.util.concurrent.FutureTask.run(FutureTask.java:317)
at java.base/java.util.concurrent.ThreadPoolExecutor.runWorker(ThreadPoolExecutor.java:1144)
at java.base/java.util.concurrent.ThreadPoolExecutor$Worker.run(ThreadPoolExecutor.java:642)
at java.base/java.lang.Thread.run(Thread.java:1583)
... Removed 11 stack frames]]>
    </failure>
  </testcase> <!-- testValidData -->
  <testcase classname="test.LoginPageTest" name="testValidData" time="12.781">
    <failure type="java.lang.Error" message="Unresolved compilation problem: 
	driver cannot be resolved or is not a field
">
      <![CDATA[java.lang.Error: Unresolved compilation problem: 
driver cannot be resolved or is not a field

at Utilities.Listeners.onTestFailure(Listeners.java:36)
at java.base/java.util.concurrent.FutureTask.run(FutureTask.java:317)
at java.base/java.util.concurrent.ThreadPoolExecutor.runWorker(ThreadPoolExecutor.java:1144)
at java.base/java.util.concurrent.ThreadPoolExecutor$Worker.run(ThreadPoolExecutor.java:642)
at java.base/java.lang.Thread.run(Thread.java:1583)
... Removed 10 stack frames]]>
    </failure>
  </testcase> <!-- testValidData -->
  <testcase classname="test.LoginPageTest" name="testValidData" time="0.051">
    <failure type="java.lang.Error" message="Unresolved compilation problem: 
	driver cannot be resolved to a variable
">
      <![CDATA[java.lang.Error: Unresolved compilation problem: 
driver cannot be resolved to a variable

at test.LoginPageTest.testValidData(LoginPageTest.java:56)
at java.base/java.util.concurrent.FutureTask.run(FutureTask.java:317)
at java.base/java.util.concurrent.ThreadPoolExecutor.runWorker(ThreadPoolExecutor.java:1144)
at java.base/java.util.concurrent.ThreadPoolExecutor$Worker.run(ThreadPoolExecutor.java:642)
at java.base/java.lang.Thread.run(Thread.java:1583)
... Removed 11 stack frames]]>
    </failure>
  </testcase> <!-- testValidData -->
  <testcase classname="test.LoginPageTest" name="testValidData" time="13.102">
    <failure type="java.lang.Error" message="Unresolved compilation problem: 
	driver cannot be resolved or is not a field
">
      <![CDATA[java.lang.Error: Unresolved compilation problem: 
driver cannot be resolved or is not a field

at Utilities.Listeners.onTestFailure(Listeners.java:36)
at java.base/java.util.concurrent.FutureTask.run(FutureTask.java:317)
at java.base/java.util.concurrent.ThreadPoolExecutor.runWorker(ThreadPoolExecutor.java:1144)
at java.base/java.util.concurrent.ThreadPoolExecutor$Worker.run(ThreadPoolExecutor.java:642)
at java.base/java.lang.Thread.run(Thread.java:1583)
... Removed 10 stack frames]]>
    </failure>
  </testcase> <!-- testValidData -->
</testsuite> <!-- Login Tests -->
