<?xml version="1.0" encoding="UTF-8"?>
<!-- Generated by org.testng.reporters.JUnitXMLReporter -->
<testsuite ignored="0" hostname="LIN59017689" failures="0" tests="4" name="Login Tests" time="44.174" errors="0" timestamp="2026-01-25T20:44:18 IST">
  <testcase classname="test.LoginPageTest" name="testValidData" time="1.057"/>
  <testcase classname="test.LoginPageTest" name="testValidData" time="1.645"/>
  <testcase classname="test.LoginPageTest" name="testValidData" time="4.185"/>
  <testcase classname="test.LoginPageTest" name="testValidData" time="1.409"/>
</testsuite> <!-- Login Tests -->
