<?xml version="1.0" encoding="UTF-8"?>
<!-- Generated by org.testng.reporters.JUnitXMLReporter -->
<testsuite ignored="0" hostname="LIN59017689" failures="0" tests="4" name="Test" time="46.122" errors="0" timestamp="2026-01-24T19:59:14 IST">
  <testcase classname="test.LoginPageTest" name="testValidData" time="1.493"/>
  <testcase classname="test.LoginPageTest" name="testValidData" time="1.122"/>
  <testcase classname="test.LoginPageTest" name="testValidData" time="5.062"/>
  <testcase classname="test.LoginPageTest" name="testValidData" time="1.044"/>
</testsuite> <!-- Test -->
